Traceback (most recent call last):
  File "C:\APP\AI100\battle100\backend\.venv\Lib\site-packages\pymysql\connections.py", line 682, in connect
    sock = socket.create_connection(
           ^^^^^^^^^^^^^^^^^^^^^^^^^
  File "C:\Users\lsf\AppData\Roaming\uv\python\cpython-3.12.12-windows-x86_64-none\Lib\socket.py", line 865, in create_connection
    raise exceptions[0]
  File "C:\Users\lsf\AppData\Roaming\uv\python\cpython-3.12.12-windows-x86_64-none\Lib\socket.py", line 850, in create_connection
    sock.connect(sa)
TimeoutError: timed out

During handling of the above exception, another exception occurred:

Traceback (most recent call last):
  File "c:\APP\AI100\battle100\backend\app\api\broadcast.py", line 1064, in list_broadcasts
    conn = pymysql.connect(
           ^^^^^^^^^^^^^^^^
  File "C:\APP\AI100\battle100\backend\.venv\Lib\site-packages\pymysql\connections.py", line 372, in __init__
    self.connect()
  File "C:\APP\AI100\battle100\backend\.venv\Lib\site-packages\pymysql\connections.py", line 744, in connect
    raise exc
pymysql.err.OperationalError: (2003, "Can't connect to MySQL server on '10.40.0.56' (timed out)")

During handling of the above exception, another exception occurred:

Traceback (most recent call last):
  File "C:\APP\AI100\battle100\backend\.venv\Lib\site-packages\starlette\middleware\errors.py", line 164, in __call__
    await self.app(scope, receive, _send)
  File "C:\APP\AI100\battle100\backend\.venv\Lib\site-packages\starlette\middleware\cors.py", line 88, in __call__
    await self.app(scope, receive, send)
  File "C:\APP\AI100\battle100\backend\.venv\Lib\site-packages\starlette\middleware\exceptions.py", line 63, in __call__
    await wrap_app_handling_exceptions(self.app, conn)(scope, receive, send)
  File "C:\APP\AI100\battle100\backend\.venv\Lib\site-packages\starlette\_exception_handler.py", line 53, in wrapped_app
    raise exc
  File "C:\APP\AI100\battle100\backend\.venv\Lib\site-packages\starlette\_exception_handler.py", line 42, in wrapped_app
    await app(scope, receive, sender)
  File "C:\APP\AI100\battle100\backend\.venv\Lib\site-packages\fastapi\middleware\asyncexitstack.py", line 18, in __call__
    await self.app(scope, receive, send)
  File "C:\APP\AI100\battle100\backend\.venv\Lib\site-packages\starlette\routing.py", line 660, in __call__
    await self.middleware_stack(scope, receive, send)
  File "C:\APP\AI100\battle100\backend\.venv\Lib\site-packages\starlette\routing.py", line 680, in app
    await route.handle(scope, receive, send)
  File "C:\APP\AI100\battle100\backend\.venv\Lib\site-packages\starlette\routing.py", line 276, in handle
    await self.app(scope, receive, send)
  File "C:\APP\AI100\battle100\backend\.venv\Lib\site-packages\fastapi\routing.py", line 134, in app
    await wrap_app_handling_exceptions(app, request)(scope, receive, send)
  File "C:\APP\AI100\battle100\backend\.venv\Lib\site-packages\starlette\_exception_handler.py", line 53, in wrapped_app
    raise exc
  File "C:\APP\AI100\battle100\backend\.venv\Lib\site-packages\starlette\_exception_handler.py", line 42, in wrapped_app
    await app(scope, receive, sender)
  File "C:\APP\AI100\battle100\backend\.venv\Lib\site-packages\fastapi\routing.py", line 120, in app
    response = await f(request)
               ^^^^^^^^^^^^^^^^
  File "C:\APP\AI100\battle100\backend\.venv\Lib\site-packages\fastapi\routing.py", line 674, in app
    raw_response = await run_endpoint_function(
                   ^^^^^^^^^^^^^^^^^^^^^^^^^^^^
  File "C:\APP\AI100\battle100\backend\.venv\Lib\site-packages\fastapi\routing.py", line 328, in run_endpoint_function
    return await dependant.call(**values)
           ^^^^^^^^^^^^^^^^^^^^^^^^^^^^^^
  File "c:\APP\AI100\battle100\backend\app\api\broadcast.py", line 1110, in list_broadcasts
    logger.error(f"批量读取CRM项目名称失败: {crm_err}")
    ^^^^^^
NameError: name 'logger' is not defined
